leancloudchatkit/build/intermediates/manifest_merge_blame_file/debug/manifest-merger-blame-debug-report.txt
1<?xml version="1.0" encoding="utf-8"?>
2<manifest xmlns:android="http://schemas.android.com/apk/res/android"
3    package="cn.leancloud.chatkit"
4    android:versionCode="1"
5    android:versionName="1.0" >
6
7    <uses-sdk
8        android:minSdkVersion="14"
8-->src\main\AndroidManifest.xml
9        android:targetSdkVersion="26" />
9-->src\main\AndroidManifest.xml
10
11    <uses-permission android:name="android.permission.INTERNET" />
11-->src\main\AndroidManifest.xml:5:5-67
11-->src\main\AndroidManifest.xml:5:22-64
12    <uses-permission android:name="android.permission.WRITE_EXTERNAL_STORAGE" />
12-->src\main\AndroidManifest.xml:6:5-81
12-->src\main\AndroidManifest.xml:6:22-78
13    <uses-permission android:name="android.permission.READ_EXTERNAL_STORAGE" />
13-->src\main\AndroidManifest.xml:7:5-80
13-->src\main\AndroidManifest.xml:7:22-77
14    <uses-permission android:name="android.permission.ACCESS_NETWORK_STATE" />
14-->src\main\AndroidManifest.xml:8:5-79
14-->src\main\AndroidManifest.xml:8:22-76
15    <uses-permission android:name="android.permission.ACCESS_WIFI_STATE" />
15-->src\main\AndroidManifest.xml:9:5-76
15-->src\main\AndroidManifest.xml:9:22-73
16    <uses-permission android:name="android.permission.RECORD_AUDIO" />
16-->src\main\AndroidManifest.xml:10:5-71
16-->src\main\AndroidManifest.xml:10:22-68
17    <uses-permission android:name="android.permission.READ_PHONE_STATE" />
17-->src\main\AndroidManifest.xml:11:5-75
17-->src\main\AndroidManifest.xml:11:22-72
18    <uses-permission android:name="android.permission.RECEIVE_BOOT_COMPLETED" />
18-->src\main\AndroidManifest.xml:12:5-81
18-->src\main\AndroidManifest.xml:12:22-78
19    <uses-permission android:name="android.permission.VIBRATE" />
19-->src\main\AndroidManifest.xml:13:5-66
19-->src\main\AndroidManifest.xml:13:22-63
20
21    <uses-feature
21-->src\main\AndroidManifest.xml:15:5-17:35
22        android:name="android.hardware.camera"
22-->src\main\AndroidManifest.xml:16:9-47
23        android:required="true" />
23-->src\main\AndroidManifest.xml:17:9-32
24
25    <application>
25-->src\main\AndroidManifest.xml:19:5-46:19
26        <activity
26-->src\main\AndroidManifest.xml:20:9-28:20
27            android:name="cn.leancloud.chatkit.activity.LCIMConversationActivity"
27-->src\main\AndroidManifest.xml:21:13-62
28            android:launchMode="singleTask" >
28-->src\main\AndroidManifest.xml:22:13-44
29            <intent-filter>
29-->src\main\AndroidManifest.xml:23:13-27:29
30                <action android:name="cn.leancloud.chatkit.conversation_item_click_action" />
30-->src\main\AndroidManifest.xml:24:17-94
30-->src\main\AndroidManifest.xml:24:25-91
31
32                <category android:name="android.intent.category.DEFAULT" />
32-->src\main\AndroidManifest.xml:26:17-76
32-->src\main\AndroidManifest.xml:26:27-73
33            </intent-filter>
34        </activity>
35        <activity android:name="cn.leancloud.chatkit.activity.LCIMImageActivity" />
35-->src\main\AndroidManifest.xml:29:9-64
35-->src\main\AndroidManifest.xml:29:19-61
36        <activity android:name="cn.leancloud.chatkit.activity.LCIMConversationSettingActivity" />
36-->src\main\AndroidManifest.xml:30:9-87
36-->src\main\AndroidManifest.xml:30:19-75
37
38        <receiver android:name="cn.leancloud.push.AVBroadcastReceiver" >
38-->src\main\AndroidManifest.xml:32:9-38:20
38-->src\main\AndroidManifest.xml:32:19-71
39            <intent-filter>
39-->src\main\AndroidManifest.xml:33:13-37:29
40                <action android:name="android.intent.action.BOOT_COMPLETED" />
40-->src\main\AndroidManifest.xml:34:17-79
40-->src\main\AndroidManifest.xml:34:25-76
41                <action android:name="android.intent.action.USER_PRESENT" />
41-->src\main\AndroidManifest.xml:35:17-77
41-->src\main\AndroidManifest.xml:35:25-74
42                <action android:name="android.net.conn.CONNECTIVITY_CHANGE" />
42-->src\main\AndroidManifest.xml:36:17-79
42-->src\main\AndroidManifest.xml:36:25-76
43            </intent-filter>
44        </receiver>
45
46        <activity android:name="cn.leancloud.chatkit.activity.LCIMConversationDetailActivity" />
46-->src\main\AndroidManifest.xml:41:9-86
46-->src\main\AndroidManifest.xml:41:19-74
47        <activity android:name="cn.leancloud.chatkit.activity.LCIMUserSelectActivity" />
47-->src\main\AndroidManifest.xml:42:9-78
47-->src\main\AndroidManifest.xml:42:19-66
48
49        <service android:name="cn.leancloud.push.PushService" />
49-->src\main\AndroidManifest.xml:44:9-65
49-->src\main\AndroidManifest.xml:44:18-62
50    </application>
51
52</manifest>